[20:45:04] [main/INFO]: Loading for game Minecraft 1.14.4
[20:45:05] [main/INFO]: [FabricLoader] Loading 29 mods: fabric-renderer-api-v1@0.1.1+9b03381f42, minecraft@1.14.4, fabric-networking-blockentity-v0@0.1.1+b494ebeb42, fabric-keybindings-v0@0.1.1+7dfef87c42, fabricloader@0.6.1+build.164, climatecraft@1.0.0, fabric-renderer-indigo@0.1.13+68fade5542, fabric-containers-v0@0.1.2+b494ebeb42, fabric-biomes-v1@0.1.0+896c7fbb42, fabric-events-interaction-v0@0.1.1+9f55aa7042, fabric-crash-report-info-v1@0.1.1+9f55aa7042, fabric-api-base@0.1.0+b494ebeb42, fabric-rendering-v0@0.1.1+6dad974e42, fabric-rendering-data-attachment-v1@0.1.0+b494ebeb42, fabric-resource-loader-v0@0.1.3+b02deb0042, fabric-textures-v0@0.1.4+b494ebeb42, fabric-content-registries-v0@0.1.1+b494ebeb42, fabric-tag-extensions-v0@0.1.1+b494ebeb42, fabric-rendering-fluids-v1@0.1.1+39442fc242, fabric-registry-sync-v0@0.2.2+9b03381f42, fabric-commands-v0@0.1.1+b494ebeb42, fabric-mining-levels-v0@0.1.0+ab421b9c42, fabric-loot-tables-v1@0.1.0+b494ebeb42, fabric-events-lifecycle-v0@0.1.1+eff46b3d42, fabric@0.3.2+build.218-1.14, fabric-models-v0@0.1.0+5914746342, fabric-item-groups-v0@0.1.0+1e69a0a542, fabric-networking-v0@0.1.3+9f55aa7042, fabric-object-builders-v0@0.1.1+9b03381f42
[20:45:05] [main/INFO]: SpongePowered MIXIN Subsystem Version=0.7.11 Source=file:/C:/Users/Tanner/.gradle/caches/modules-2/files-2.1/net.fabricmc/sponge-mixin/0.7.11.38/7dab4556021e5cf7ee1052c36c184f59ae4cba05/sponge-mixin-0.7.11.38.jar Service=Knot/Fabric Env=CLIENT
[20:45:05] [main/INFO]: Loaded Fabric development mappings for mixin remapper!
[20:45:05] [main/INFO]: Compatibility level set to JAVA_8
[20:45:05] [main/ERROR]: Error encountered reading mixin config modid.mixins.json: java.lang.IllegalArgumentException The specified resource 'modid.mixins.json' was invalid or could not be read
java.lang.IllegalArgumentException: The specified resource 'modid.mixins.json' was invalid or could not be read
	at org.spongepowered.asm.mixin.transformer.MixinConfig.create(MixinConfig.java:909) ~[sponge-mixin-0.7.11.38.jar:0.7.11.38+unknown-b0.git-unknown]
	at org.spongepowered.asm.mixin.transformer.Config.create(Config.java:116) ~[sponge-mixin-0.7.11.38.jar:0.7.11.38+unknown-b0.git-unknown]
	at org.spongepowered.asm.mixin.Mixins.createConfiguration(Mixins.java:91) ~[sponge-mixin-0.7.11.38.jar:0.7.11.38+unknown-b0.git-unknown]
	at org.spongepowered.asm.mixin.Mixins.addConfiguration(Mixins.java:78) ~[sponge-mixin-0.7.11.38.jar:0.7.11.38+unknown-b0.git-unknown]
	at net.fabricmc.loader.launch.common.FabricMixinBootstrap.addConfiguration(FabricMixinBootstrap.java:43) ~[net.fabricmc.yarn.1_14_4.12.net.fabricmc.fabric-loader-0.6.1+build.164.jar:?]
	at java.lang.Iterable.forEach(Iterable.java:75) [?:1.8.0_181]
	at net.fabricmc.loader.launch.common.FabricMixinBootstrap.init(FabricMixinBootstrap.java:79) [net.fabricmc.yarn.1_14_4.12.net.fabricmc.fabric-loader-0.6.1+build.164.jar:?]
	at net.fabricmc.loader.launch.knot.Knot.init(Knot.java:126) [net.fabricmc.yarn.1_14_4.12.net.fabricmc.fabric-loader-0.6.1+build.164.jar:?]
	at net.fabricmc.loader.launch.knot.KnotClient.main(KnotClient.java:26) [net.fabricmc.yarn.1_14_4.12.net.fabricmc.fabric-loader-0.6.1+build.164.jar:?]
Caused by: java.lang.NullPointerException
	at java.io.Reader.<init>(Reader.java:78) ~[?:1.8.0_181]
	at java.io.InputStreamReader.<init>(InputStreamReader.java:72) ~[?:1.8.0_181]
	at org.spongepowered.asm.mixin.transformer.MixinConfig.create(MixinConfig.java:902) ~[sponge-mixin-0.7.11.38.jar:0.7.11.38+unknown-b0.git-unknown]
	... 8 more
[20:45:05] [main/INFO]: Remapping refMap fabric-networking-v0-refmap.json using remapper chain
[20:45:05] [main/INFO]: Remapping refMap fabric-networking-blockentity-v0-refmap.json using remapper chain
[20:45:05] [main/INFO]: Remapping refMap fabric-biomes-v1-refmap.json using remapper chain
[20:45:05] [main/INFO]: Remapping refMap fabric-mining-levels-v0-refmap.json using remapper chain
[20:45:05] [main/INFO]: Remapping refMap fabric-containers-v0-refmap.json using remapper chain
[20:45:05] [main/INFO]: Remapping refMap fabric-renderer-indigo-refmap.json using remapper chain
[20:45:05] [main/INFO]: Remapping refMap fabric-rendering-data-attachment-v1-refmap.json using remapper chain
[20:45:05] [main/INFO]: Remapping refMap fabric-events-interaction-v0-refmap.json using remapper chain
[20:45:05] [main/INFO]: Remapping refMap fabric-loot-tables-v1-refmap.json using remapper chain
[20:45:05] [main/INFO]: Remapping refMap fabric-textures-v0-refmap.json using remapper chain
[20:45:05] [main/INFO]: Remapping refMap fabric-registry-sync-v0-refmap.json using remapper chain
[20:45:05] [main/INFO]: Remapping refMap fabric-models-v0-refmap.json using remapper chain
[20:45:05] [main/INFO]: Remapping refMap fabric-keybindings-v0-refmap.json using remapper chain
[20:45:05] [main/INFO]: Remapping refMap fabric-renderer-api-v1-refmap.json using remapper chain
[20:45:05] [main/INFO]: Remapping refMap fabric-containers-v0-refmap.json using remapper chain
[20:45:05] [main/INFO]: Remapping refMap fabric-events-lifecycle-v0-refmap.json using remapper chain
[20:45:05] [main/INFO]: Remapping refMap fabric-rendering-fluids-v1-refmap.json using remapper chain
[20:45:05] [main/INFO]: Remapping refMap fabric-resource-loader-v0-refmap.json using remapper chain
[20:45:05] [main/INFO]: Remapping refMap fabric-rendering-v0-refmap.json using remapper chain
[20:45:05] [main/INFO]: Remapping refMap fabric-object-builders-v0-refmap.json using remapper chain
[20:45:05] [main/INFO]: Remapping refMap fabric-tag-extensions-v0-refmap.json using remapper chain
[20:45:05] [main/INFO]: Remapping refMap fabric-item-groups-v0-refmap.json using remapper chain
[20:45:05] [main/INFO]: Remapping refMap fabric-content-registries-v0-refmap.json using remapper chain
[20:45:05] [main/INFO]: Remapping refMap fabric-crash-report-info-v1-refmap.json using remapper chain
[20:45:05] [main/INFO]: Remapping refMap fabric-commands-v0-refmap.json using remapper chain
[20:45:05] [main/INFO]: Remapping refMap fabric-renderer-api-v1-refmap.json using remapper chain
[20:45:06] [main/INFO]: Setting user: Player396
[20:45:13] [main/INFO]: [Indigo] Registering Indigo renderer!
[20:45:13] [main/WARN]: Skipping bad option: lastServer:
[20:45:13] [main/INFO]: LWJGL Version: 3.2.2 build 10
[20:45:15] [main/WARN]: ERROR : Couldn't load Narrator library : Unable to load library 'SAPIWrapper_x64': Can't obtain InputStream for win32-x86-64/SAPIWrapper_x64.dll
ERROR : Couldn't load Narrator library : Unable to load library 'SAPIWrapper_x86': Can't obtain InputStream for win32-x86-64/SAPIWrapper_x86.dll

[20:45:17] [Realms Notification Availability checker #1/INFO]: Could not authorize you against Realms server: Invalid session id
[20:45:19] [main/INFO]: OpenAL initialized.
[20:45:19] [main/INFO]: Sound engine started
[20:45:19] [main/INFO]: Created: 1024x512 textures-atlas
[20:45:20] [main/INFO]: Created: 256x256 textures/particle-atlas
[20:45:20] [main/INFO]: Created: 256x256 textures/painting-atlas
[20:45:20] [main/INFO]: Created: 256x128 textures/mob_effect-atlas
[20:45:29] [main/INFO]: Stopping!
